<?xml version="1.0" encoding="UTF-8"?>
<testsuite xmlns:xsi="http://www.w3.org/2001/XMLSchema-instance" xsi:noNamespaceSchemaLocation="https://maven.apache.org/surefire/maven-surefire-plugin/xsd/surefire-test-report-3.0.xsd" version="3.0" name="TestSuite" time="40.606" tests="6" errors="0" skipped="0" failures="0">
  <properties>
    <property name="gopherProxySet" value="false"/>
    <property name="awt.toolkit" value="sun.lwawt.macosx.LWCToolkit"/>
    <property name="file.encoding.pkg" value="sun.io"/>
    <property name="java.specification.version" value="1.8"/>
    <property name="webdriver.chrome.driver" value="/Users/ivan/.cache/selenium/chromedriver/mac64/91.0.4472.101/chromedriver"/>
    <property name="sun.cpu.isalist" value=""/>
    <property name="sun.jnu.encoding" value="UTF-8"/>
    <property name="java.class.path" value="/Users/ivan/Documents/Projects/my_pet_monetized_project/target/test-classes:/Users/ivan/Documents/Projects/my_pet_monetized_project/target/classes:/Users/ivan/.m2/repository/com/codeborne/selenide/5.18.0/selenide-5.18.0.jar:/Users/ivan/.m2/repository/org/seleniumhq/selenium/selenium-java/3.141.59/selenium-java-3.141.59.jar:/Users/ivan/.m2/repository/org/seleniumhq/selenium/selenium-chrome-driver/3.141.59/selenium-chrome-driver-3.141.59.jar:/Users/ivan/.m2/repository/org/seleniumhq/selenium/selenium-edge-driver/3.141.59/selenium-edge-driver-3.141.59.jar:/Users/ivan/.m2/repository/org/seleniumhq/selenium/selenium-firefox-driver/3.141.59/selenium-firefox-driver-3.141.59.jar:/Users/ivan/.m2/repository/org/seleniumhq/selenium/selenium-ie-driver/3.141.59/selenium-ie-driver-3.141.59.jar:/Users/ivan/.m2/repository/org/seleniumhq/selenium/selenium-opera-driver/3.141.59/selenium-opera-driver-3.141.59.jar:/Users/ivan/.m2/repository/org/seleniumhq/selenium/selenium-remote-driver/3.141.59/selenium-remote-driver-3.141.59.jar:/Users/ivan/.m2/repository/org/seleniumhq/selenium/selenium-safari-driver/3.141.59/selenium-safari-driver-3.141.59.jar:/Users/ivan/.m2/repository/org/seleniumhq/selenium/selenium-support/3.141.59/selenium-support-3.141.59.jar:/Users/ivan/.m2/repository/org/apache/commons/commons-exec/1.3/commons-exec-1.3.jar:/Users/ivan/.m2/repository/com/squareup/okhttp3/okhttp/3.11.0/okhttp-3.11.0.jar:/Users/ivan/.m2/repository/com/squareup/okio/okio/1.14.0/okio-1.14.0.jar:/Users/ivan/.m2/repository/io/github/bonigarcia/webdrivermanager/4.3.1/webdrivermanager-4.3.1.jar:/Users/ivan/.m2/repository/com/google/code/gson/gson/2.8.6/gson-2.8.6.jar:/Users/ivan/.m2/repository/org/apache/commons/commons-lang3/3.11/commons-lang3-3.11.jar:/Users/ivan/.m2/repository/org/jsoup/jsoup/1.13.1/jsoup-1.13.1.jar:/Users/ivan/.m2/repository/org/rauschig/jarchivelib/1.1.0/jarchivelib-1.1.0.jar:/Users/ivan/.m2/repository/org/apache/httpcomponents/client5/httpclient5/5.0.3/httpclient5-5.0.3.jar:/Users/ivan/.m2/repository/org/apache/httpcomponents/core5/httpcore5/5.0.2/httpcore5-5.0.2.jar:/Users/ivan/.m2/repository/commons-codec/commons-codec/1.13/commons-codec-1.13.jar:/Users/ivan/.m2/repository/com/google/guava/guava/30.1-jre/guava-30.1-jre.jar:/Users/ivan/.m2/repository/com/google/guava/failureaccess/1.0.1/failureaccess-1.0.1.jar:/Users/ivan/.m2/repository/com/google/guava/listenablefuture/9999.0-empty-to-avoid-conflict-with-guava/listenablefuture-9999.0-empty-to-avoid-conflict-with-guava.jar:/Users/ivan/.m2/repository/com/google/code/findbugs/jsr305/3.0.2/jsr305-3.0.2.jar:/Users/ivan/.m2/repository/org/checkerframework/checker-qual/3.5.0/checker-qual-3.5.0.jar:/Users/ivan/.m2/repository/com/google/errorprone/error_prone_annotations/2.3.4/error_prone_annotations-2.3.4.jar:/Users/ivan/.m2/repository/com/google/j2objc/j2objc-annotations/1.3/j2objc-annotations-1.3.jar:/Users/ivan/.m2/repository/org/slf4j/slf4j-api/1.7.30/slf4j-api-1.7.30.jar:/Users/ivan/.m2/repository/org/testng/testng/7.1.0/testng-7.1.0.jar:/Users/ivan/.m2/repository/com/beust/jcommander/1.72/jcommander-1.72.jar:/Users/ivan/.m2/repository/com/google/inject/guice/4.1.0/guice-4.1.0-no_aop.jar:/Users/ivan/.m2/repository/javax/inject/javax.inject/1/javax.inject-1.jar:/Users/ivan/.m2/repository/aopalliance/aopalliance/1.0/aopalliance-1.0.jar:/Users/ivan/.m2/repository/org/yaml/snakeyaml/1.21/snakeyaml-1.21.jar:/Users/ivan/.m2/repository/commons-io/commons-io/2.8.0/commons-io-2.8.0.jar:/Users/ivan/.m2/repository/org/apache/poi/poi-ooxml/4.0.1/poi-ooxml-4.0.1.jar:/Users/ivan/.m2/repository/org/apache/poi/poi/4.0.1/poi-4.0.1.jar:/Users/ivan/.m2/repository/org/apache/commons/commons-collections4/4.2/commons-collections4-4.2.jar:/Users/ivan/.m2/repository/org/apache/commons/commons-math3/3.6.1/commons-math3-3.6.1.jar:/Users/ivan/.m2/repository/org/apache/poi/poi-ooxml-schemas/4.0.1/poi-ooxml-schemas-4.0.1.jar:/Users/ivan/.m2/repository/org/apache/xmlbeans/xmlbeans/3.0.2/xmlbeans-3.0.2.jar:/Users/ivan/.m2/repository/org/apache/commons/commons-compress/1.18/commons-compress-1.18.jar:/Users/ivan/.m2/repository/com/github/virtuald/curvesapi/1.05/curvesapi-1.05.jar:/Users/ivan/.m2/repository/com/googlecode/json-simple/json-simple/1.1.1/json-simple-1.1.1.jar:/Users/ivan/.m2/repository/junit/junit/4.10/junit-4.10.jar:/Users/ivan/.m2/repository/org/hamcrest/hamcrest-core/1.1/hamcrest-core-1.1.jar:/Users/ivan/.m2/repository/com/thoughtworks/xstream/xstream/1.4.10/xstream-1.4.10.jar:/Users/ivan/.m2/repository/xmlpull/xmlpull/1.1.3.1/xmlpull-1.1.3.1.jar:/Users/ivan/.m2/repository/xpp3/xpp3_min/1.1.4c/xpp3_min-1.1.4c.jar:/Users/ivan/.m2/repository/org/slf4j/slf4j-nop/1.7.13/slf4j-nop-1.7.13.jar:/Users/ivan/.m2/repository/com/browserup/browserup-proxy-core/2.0.1/browserup-proxy-core-2.0.1.jar:/Users/ivan/.m2/repository/com/browserup/browserup-proxy-mitm/2.0.1/browserup-proxy-mitm-2.0.1.jar:/Users/ivan/.m2/repository/javax/xml/bind/jaxb-api/2.3.1/jaxb-api-2.3.1.jar:/Users/ivan/.m2/repository/javax/activation/javax.activation-api/1.2.0/javax.activation-api-1.2.0.jar:/Users/ivan/.m2/repository/com/fasterxml/jackson/core/jackson-core/2.9.9/jackson-core-2.9.9.jar:/Users/ivan/.m2/repository/com/fasterxml/jackson/core/jackson-databind/2.9.9.1/jackson-databind-2.9.9.1.jar:/Users/ivan/.m2/repository/com/fasterxml/jackson/core/jackson-annotations/2.9.9/jackson-annotations-2.9.9.jar:/Users/ivan/.m2/repository/com/jcraft/jzlib/1.1.3/jzlib-1.1.3.jar:/Users/ivan/.m2/repository/dnsjava/dnsjava/2.1.9/dnsjava-2.1.9.jar:/Users/ivan/.m2/repository/org/bouncycastle/bcpkix-jdk15on/1.62/bcpkix-jdk15on-1.62.jar:/Users/ivan/.m2/repository/org/bouncycastle/bcprov-jdk15on/1.62/bcprov-jdk15on-1.62.jar:/Users/ivan/.m2/repository/org/brotli/dec/0.1.2/dec-0.1.2.jar:/Users/ivan/.m2/repository/org/javassist/javassist/3.25.0-GA/javassist-3.25.0-GA.jar:/Users/ivan/.m2/repository/org/seleniumhq/selenium/selenium-api/3.141.59/selenium-api-3.141.59.jar:/Users/ivan/.m2/repository/org/slf4j/jcl-over-slf4j/1.7.28/jcl-over-slf4j-1.7.28.jar:/Users/ivan/.m2/repository/xyz/rogfam/littleproxy/2.0.0-beta-5/littleproxy-2.0.0-beta-5.jar:/Users/ivan/.m2/repository/com/barchart/udt/barchart-udt-bundle/2.3.0/barchart-udt-bundle-2.3.0.jar:/Users/ivan/.m2/repository/io/netty/netty-all/4.1.63.Final/netty-all-4.1.63.Final.jar:"/>
    <property name="java.vm.vendor" value="Amazon.com Inc."/>
    <property name="sun.arch.data.model" value="64"/>
    <property name="java.vendor.url" value="https://aws.amazon.com/corretto/"/>
    <property name="user.timezone" value="Europe/Kiev"/>
    <property name="java.vm.specification.version" value="1.8"/>
    <property name="os.name" value="Mac OS X"/>
    <property name="user.country" value="UA"/>
    <property name="sun.java.launcher" value="SUN_STANDARD"/>
    <property name="sun.boot.library.path" value="/Users/ivan/Library/Java/JavaVirtualMachines/corretto-1.8.0_292/Contents/Home/jre/lib"/>
    <property name="sun.java.command" value="/Users/ivan/Documents/Projects/my_pet_monetized_project/target/surefire/surefirebooter1571752415840445121.jar /Users/ivan/Documents/Projects/my_pet_monetized_project/target/surefire 2021-07-05T21-28-40_138-jvmRun1 surefire6965760467558968641tmp surefire_06757725728430750643tmp"/>
    <property name="http.nonProxyHosts" value="local|*.local|169.254/16|*.169.254/16"/>
    <property name="surefire.test.class.path" value="/Users/ivan/Documents/Projects/my_pet_monetized_project/target/test-classes:/Users/ivan/Documents/Projects/my_pet_monetized_project/target/classes:/Users/ivan/.m2/repository/com/codeborne/selenide/5.18.0/selenide-5.18.0.jar:/Users/ivan/.m2/repository/org/seleniumhq/selenium/selenium-java/3.141.59/selenium-java-3.141.59.jar:/Users/ivan/.m2/repository/org/seleniumhq/selenium/selenium-chrome-driver/3.141.59/selenium-chrome-driver-3.141.59.jar:/Users/ivan/.m2/repository/org/seleniumhq/selenium/selenium-edge-driver/3.141.59/selenium-edge-driver-3.141.59.jar:/Users/ivan/.m2/repository/org/seleniumhq/selenium/selenium-firefox-driver/3.141.59/selenium-firefox-driver-3.141.59.jar:/Users/ivan/.m2/repository/org/seleniumhq/selenium/selenium-ie-driver/3.141.59/selenium-ie-driver-3.141.59.jar:/Users/ivan/.m2/repository/org/seleniumhq/selenium/selenium-opera-driver/3.141.59/selenium-opera-driver-3.141.59.jar:/Users/ivan/.m2/repository/org/seleniumhq/selenium/selenium-remote-driver/3.141.59/selenium-remote-driver-3.141.59.jar:/Users/ivan/.m2/repository/org/seleniumhq/selenium/selenium-safari-driver/3.141.59/selenium-safari-driver-3.141.59.jar:/Users/ivan/.m2/repository/org/seleniumhq/selenium/selenium-support/3.141.59/selenium-support-3.141.59.jar:/Users/ivan/.m2/repository/org/apache/commons/commons-exec/1.3/commons-exec-1.3.jar:/Users/ivan/.m2/repository/com/squareup/okhttp3/okhttp/3.11.0/okhttp-3.11.0.jar:/Users/ivan/.m2/repository/com/squareup/okio/okio/1.14.0/okio-1.14.0.jar:/Users/ivan/.m2/repository/io/github/bonigarcia/webdrivermanager/4.3.1/webdrivermanager-4.3.1.jar:/Users/ivan/.m2/repository/com/google/code/gson/gson/2.8.6/gson-2.8.6.jar:/Users/ivan/.m2/repository/org/apache/commons/commons-lang3/3.11/commons-lang3-3.11.jar:/Users/ivan/.m2/repository/org/jsoup/jsoup/1.13.1/jsoup-1.13.1.jar:/Users/ivan/.m2/repository/org/rauschig/jarchivelib/1.1.0/jarchivelib-1.1.0.jar:/Users/ivan/.m2/repository/org/apache/httpcomponents/client5/httpclient5/5.0.3/httpclient5-5.0.3.jar:/Users/ivan/.m2/repository/org/apache/httpcomponents/core5/httpcore5/5.0.2/httpcore5-5.0.2.jar:/Users/ivan/.m2/repository/commons-codec/commons-codec/1.13/commons-codec-1.13.jar:/Users/ivan/.m2/repository/com/google/guava/guava/30.1-jre/guava-30.1-jre.jar:/Users/ivan/.m2/repository/com/google/guava/failureaccess/1.0.1/failureaccess-1.0.1.jar:/Users/ivan/.m2/repository/com/google/guava/listenablefuture/9999.0-empty-to-avoid-conflict-with-guava/listenablefuture-9999.0-empty-to-avoid-conflict-with-guava.jar:/Users/ivan/.m2/repository/com/google/code/findbugs/jsr305/3.0.2/jsr305-3.0.2.jar:/Users/ivan/.m2/repository/org/checkerframework/checker-qual/3.5.0/checker-qual-3.5.0.jar:/Users/ivan/.m2/repository/com/google/errorprone/error_prone_annotations/2.3.4/error_prone_annotations-2.3.4.jar:/Users/ivan/.m2/repository/com/google/j2objc/j2objc-annotations/1.3/j2objc-annotations-1.3.jar:/Users/ivan/.m2/repository/org/slf4j/slf4j-api/1.7.30/slf4j-api-1.7.30.jar:/Users/ivan/.m2/repository/org/testng/testng/7.1.0/testng-7.1.0.jar:/Users/ivan/.m2/repository/com/beust/jcommander/1.72/jcommander-1.72.jar:/Users/ivan/.m2/repository/com/google/inject/guice/4.1.0/guice-4.1.0-no_aop.jar:/Users/ivan/.m2/repository/javax/inject/javax.inject/1/javax.inject-1.jar:/Users/ivan/.m2/repository/aopalliance/aopalliance/1.0/aopalliance-1.0.jar:/Users/ivan/.m2/repository/org/yaml/snakeyaml/1.21/snakeyaml-1.21.jar:/Users/ivan/.m2/repository/commons-io/commons-io/2.8.0/commons-io-2.8.0.jar:/Users/ivan/.m2/repository/org/apache/poi/poi-ooxml/4.0.1/poi-ooxml-4.0.1.jar:/Users/ivan/.m2/repository/org/apache/poi/poi/4.0.1/poi-4.0.1.jar:/Users/ivan/.m2/repository/org/apache/commons/commons-collections4/4.2/commons-collections4-4.2.jar:/Users/ivan/.m2/repository/org/apache/commons/commons-math3/3.6.1/commons-math3-3.6.1.jar:/Users/ivan/.m2/repository/org/apache/poi/poi-ooxml-schemas/4.0.1/poi-ooxml-schemas-4.0.1.jar:/Users/ivan/.m2/repository/org/apache/xmlbeans/xmlbeans/3.0.2/xmlbeans-3.0.2.jar:/Users/ivan/.m2/repository/org/apache/commons/commons-compress/1.18/commons-compress-1.18.jar:/Users/ivan/.m2/repository/com/github/virtuald/curvesapi/1.05/curvesapi-1.05.jar:/Users/ivan/.m2/repository/com/googlecode/json-simple/json-simple/1.1.1/json-simple-1.1.1.jar:/Users/ivan/.m2/repository/junit/junit/4.10/junit-4.10.jar:/Users/ivan/.m2/repository/org/hamcrest/hamcrest-core/1.1/hamcrest-core-1.1.jar:/Users/ivan/.m2/repository/com/thoughtworks/xstream/xstream/1.4.10/xstream-1.4.10.jar:/Users/ivan/.m2/repository/xmlpull/xmlpull/1.1.3.1/xmlpull-1.1.3.1.jar:/Users/ivan/.m2/repository/xpp3/xpp3_min/1.1.4c/xpp3_min-1.1.4c.jar:/Users/ivan/.m2/repository/org/slf4j/slf4j-nop/1.7.13/slf4j-nop-1.7.13.jar:/Users/ivan/.m2/repository/com/browserup/browserup-proxy-core/2.0.1/browserup-proxy-core-2.0.1.jar:/Users/ivan/.m2/repository/com/browserup/browserup-proxy-mitm/2.0.1/browserup-proxy-mitm-2.0.1.jar:/Users/ivan/.m2/repository/javax/xml/bind/jaxb-api/2.3.1/jaxb-api-2.3.1.jar:/Users/ivan/.m2/repository/javax/activation/javax.activation-api/1.2.0/javax.activation-api-1.2.0.jar:/Users/ivan/.m2/repository/com/fasterxml/jackson/core/jackson-core/2.9.9/jackson-core-2.9.9.jar:/Users/ivan/.m2/repository/com/fasterxml/jackson/core/jackson-databind/2.9.9.1/jackson-databind-2.9.9.1.jar:/Users/ivan/.m2/repository/com/fasterxml/jackson/core/jackson-annotations/2.9.9/jackson-annotations-2.9.9.jar:/Users/ivan/.m2/repository/com/jcraft/jzlib/1.1.3/jzlib-1.1.3.jar:/Users/ivan/.m2/repository/dnsjava/dnsjava/2.1.9/dnsjava-2.1.9.jar:/Users/ivan/.m2/repository/org/bouncycastle/bcpkix-jdk15on/1.62/bcpkix-jdk15on-1.62.jar:/Users/ivan/.m2/repository/org/bouncycastle/bcprov-jdk15on/1.62/bcprov-jdk15on-1.62.jar:/Users/ivan/.m2/repository/org/brotli/dec/0.1.2/dec-0.1.2.jar:/Users/ivan/.m2/repository/org/javassist/javassist/3.25.0-GA/javassist-3.25.0-GA.jar:/Users/ivan/.m2/repository/org/seleniumhq/selenium/selenium-api/3.141.59/selenium-api-3.141.59.jar:/Users/ivan/.m2/repository/org/slf4j/jcl-over-slf4j/1.7.28/jcl-over-slf4j-1.7.28.jar:/Users/ivan/.m2/repository/xyz/rogfam/littleproxy/2.0.0-beta-5/littleproxy-2.0.0-beta-5.jar:/Users/ivan/.m2/repository/com/barchart/udt/barchart-udt-bundle/2.3.0/barchart-udt-bundle-2.3.0.jar:/Users/ivan/.m2/repository/io/netty/netty-all/4.1.63.Final/netty-all-4.1.63.Final.jar:"/>
    <property name="sun.cpu.endian" value="little"/>
    <property name="user.home" value="/Users/ivan"/>
    <property name="user.language" value="ru"/>
    <property name="java.specification.vendor" value="Oracle Corporation"/>
    <property name="java.home" value="/Users/ivan/Library/Java/JavaVirtualMachines/corretto-1.8.0_292/Contents/Home/jre"/>
    <property name="basedir" value="/Users/ivan/Documents/Projects/my_pet_monetized_project"/>
    <property name="file.separator" value="/"/>
    <property name="line.separator" value="&#10;"/>
    <property name="java.vm.specification.vendor" value="Oracle Corporation"/>
    <property name="java.specification.name" value="Java Platform API Specification"/>
    <property name="java.awt.graphicsenv" value="sun.awt.CGraphicsEnvironment"/>
    <property name="surefire.real.class.path" value="/Users/ivan/Documents/Projects/my_pet_monetized_project/target/surefire/surefirebooter1571752415840445121.jar"/>
    <property name="sun.boot.class.path" value="/Users/ivan/Library/Java/JavaVirtualMachines/corretto-1.8.0_292/Contents/Home/jre/lib/resources.jar:/Users/ivan/Library/Java/JavaVirtualMachines/corretto-1.8.0_292/Contents/Home/jre/lib/rt.jar:/Users/ivan/Library/Java/JavaVirtualMachines/corretto-1.8.0_292/Contents/Home/jre/lib/sunrsasign.jar:/Users/ivan/Library/Java/JavaVirtualMachines/corretto-1.8.0_292/Contents/Home/jre/lib/jsse.jar:/Users/ivan/Library/Java/JavaVirtualMachines/corretto-1.8.0_292/Contents/Home/jre/lib/jce.jar:/Users/ivan/Library/Java/JavaVirtualMachines/corretto-1.8.0_292/Contents/Home/jre/lib/charsets.jar:/Users/ivan/Library/Java/JavaVirtualMachines/corretto-1.8.0_292/Contents/Home/jre/lib/jfr.jar:/Users/ivan/Library/Java/JavaVirtualMachines/corretto-1.8.0_292/Contents/Home/jre/classes"/>
    <property name="sun.management.compiler" value="HotSpot 64-Bit Tiered Compilers"/>
    <property name="ftp.nonProxyHosts" value="local|*.local|169.254/16|*.169.254/16"/>
    <property name="java.runtime.version" value="1.8.0_292-b10"/>
    <property name="user.name" value="ivan"/>
    <property name="path.separator" value=":"/>
    <property name="os.version" value="10.16"/>
    <property name="java.endorsed.dirs" value="/Users/ivan/Library/Java/JavaVirtualMachines/corretto-1.8.0_292/Contents/Home/jre/lib/endorsed"/>
    <property name="java.runtime.name" value="OpenJDK Runtime Environment"/>
    <property name="file.encoding" value="US-ASCII"/>
    <property name="java.vm.name" value="OpenJDK 64-Bit Server VM"/>
    <property name="localRepository" value="/Users/ivan/.m2/repository"/>
    <property name="java.vendor.url.bug" value="https://github.com/corretto/corretto-8/issues/"/>
    <property name="java.io.tmpdir" value="/var/folders/hf/ht5mpyhx3510t_jh_wzcrmvr0000gn/T/"/>
    <property name="idea.version" value="2021.1.2"/>
    <property name="java.version" value="1.8.0_292"/>
    <property name="user.dir" value="/Users/ivan/Documents/Projects/my_pet_monetized_project"/>
    <property name="os.arch" value="x86_64"/>
    <property name="java.vm.specification.name" value="Java Virtual Machine Specification"/>
    <property name="java.awt.printerjob" value="sun.lwawt.macosx.CPrinterJob"/>
    <property name="sun.os.patch.level" value="unknown"/>
    <property name="java.library.path" value="/Users/ivan/Library/Java/Extensions:/Library/Java/Extensions:/Network/Library/Java/Extensions:/System/Library/Java/Extensions:/usr/lib/java:."/>
    <property name="java.vm.info" value="mixed mode"/>
    <property name="java.vendor" value="Amazon.com Inc."/>
    <property name="java.vm.version" value="25.292-b10"/>
    <property name="java.ext.dirs" value="/Users/ivan/Library/Java/Extensions:/Users/ivan/Library/Java/JavaVirtualMachines/corretto-1.8.0_292/Contents/Home/jre/lib/ext:/Library/Java/Extensions:/Network/Library/Java/Extensions:/System/Library/Java/Extensions:/usr/lib/java"/>
    <property name="sun.io.unicode.encoding" value="UnicodeBig"/>
    <property name="java.class.version" value="52.0"/>
    <property name="socksNonProxyHosts" value="local|*.local|169.254/16|*.169.254/16"/>
  </properties>
  <testcase name="letters" classname="ReadingLetters" time="15.76"/>
  <testcase name="letters" classname="ReadingLetters" time="3.393"/>
  <testcase name="letters" classname="ReadingLetters" time="2.772"/>
  <testcase name="surfing" classname="ReadingLetters" time="2.33"/>
  <testcase name="surfing" classname="ReadingLetters" time="2.297"/>
  <testcase name="surfing" classname="ReadingLetters" time="2.546"/>
</testsuite>