<?xml version="1.0" encoding="UTF-8"?>
<!-- Generated by org.testng.reporters.JUnitReportReporter -->
<testsuite hostname="MacBook-Pro-Ivan.local" failures="0" tests="6" name="ReadingLetters" time="70.208" errors="0" timestamp="2021-07-23T18:54:57 EEST" skipped="0">
  <testcase classname="ReadingLetters" name="surfing" time="3.306"/>
  <system-out/>
  <testcase classname="ReadingLetters" name="letters" time="3.173"/>
  <system-out/>
  <testcase classname="ReadingLetters" name="letters" time="2.961"/>
  <system-out/>
  <testcase classname="ReadingLetters" name="surfing" time="42.867"/>
  <system-out/>
  <testcase classname="ReadingLetters" name="surfing" time="3.201"/>
  <system-out/>
  <testcase classname="ReadingLetters" name="letters" time="14.700"/>
  <system-out/>
</testsuite> <!-- ReadingLetters -->
