<?xml version="1.0" encoding="UTF-8"?>
<!-- Generated by org.testng.reporters.JUnitReportReporter -->
<testsuite skipped="0" hostname="MacBook-Pro-Ivan.local" name="ReadingLetters" tests="6" failures="0" timestamp="2021-07-05T21:29:21 EEST" time="29.096" errors="0">
  <testcase name="letters" time="2.773" classname="ReadingLetters"/>
  <system-out/>
  <testcase name="surfing" time="2.329" classname="ReadingLetters"/>
  <system-out/>
  <testcase name="letters" time="3.395" classname="ReadingLetters"/>
  <system-out/>
  <testcase name="letters" time="15.757" classname="ReadingLetters"/>
  <system-out/>
  <testcase name="surfing" time="2.297" classname="ReadingLetters"/>
  <system-out/>
  <testcase name="surfing" time="2.545" classname="ReadingLetters"/>
  <system-out/>
</testsuite> <!-- ReadingLetters -->
