<?xml version="1.0" encoding="UTF-8"?>
<!-- Generated by org.testng.reporters.JUnitReportReporter -->
<testsuite hostname="MacBook-Pro-Ivan.local" failures="0" tests="6" name="ReadingLetters" time="16.998" errors="0" timestamp="2021-07-23T23:26:09 EEST" skipped="0">
  <testcase classname="ReadingLetters" name="letters" time="10.379"/>
  <system-out/>
  <testcase classname="ReadingLetters" name="letters" time="1.496"/>
  <system-out/>
  <testcase classname="ReadingLetters" name="surfing" time="1.215"/>
  <system-out/>
  <testcase classname="ReadingLetters" name="surfing" time="1.244"/>
  <system-out/>
  <testcase classname="ReadingLetters" name="surfing" time="1.158"/>
  <system-out/>
  <testcase classname="ReadingLetters" name="letters" time="1.506"/>
  <system-out/>
</testsuite> <!-- ReadingLetters -->
